<?xml version="1.0" encoding="UTF-8"?>
<testng-results ignored="0" total="1" passed="1" failed="0" skipped="0">
  <reporter-output>
  </reporter-output>
  <suite started-at="2019-08-07T13:38:58Z" name="Default suite" finished-at="2019-08-07T13:39:04Z" duration-ms="6320">
    <groups>
    </groups>
    <test started-at="2019-08-07T13:38:58Z" name="Default test" finished-at="2019-08-07T13:39:04Z" duration-ms="6320">
      <class name="com.npntraining.pageobjects.loginpage.LoginPageTest">
        <test-method is-config="true" signature="startup()[pri:0, instance:com.npntraining.pageobjects.loginpage.LoginPageTest@757277dc]" started-at="2019-08-07T13:38:58Z" name="startup" finished-at="2019-08-07T13:39:04Z" duration-ms="6133" status="PASS">
          <reporter-output>
          </reporter-output>
        </test-method> <!-- startup -->
        <test-method signature="checkHome()[pri:0, instance:com.npntraining.pageobjects.loginpage.LoginPageTest@757277dc]" started-at="2019-08-07T13:39:04Z" name="checkHome" finished-at="2019-08-07T13:39:04Z" duration-ms="16" status="PASS">
          <reporter-output>
          </reporter-output>
        </test-method> <!-- checkHome -->
        <test-method is-config="true" signature="tearDownClass()[pri:0, instance:com.npntraining.pageobjects.loginpage.LoginPageTest@757277dc]" started-at="2019-08-07T13:39:04Z" name="tearDownClass" finished-at="2019-08-07T13:39:04Z" duration-ms="150" status="PASS">
          <reporter-output>
          </reporter-output>
        </test-method> <!-- tearDownClass -->
      </class> <!-- com.npntraining.pageobjects.loginpage.LoginPageTest -->
    </test> <!-- Default test -->
  </suite> <!-- Default suite -->
</testng-results>
